<?xml version="1.0" encoding="UTF-8"?>
<testng-results skipped="0" failed="3" ignored="0" total="16" passed="13">
  <reporter-output>
  </reporter-output>
  <suite name="Default suite" duration-ms="251" started-at="2017-03-09T19:05:11Z" finished-at="2017-03-09T19:05:11Z">
    <groups>
    </groups>
    <test name="Default test" duration-ms="251" started-at="2017-03-09T19:05:11Z" finished-at="2017-03-09T19:05:11Z">
      <class name="com.unit.pen.testing.UnitPenTests">
        <test-method status="PASS" signature="setup()[pri:0, instance:com.unit.pen.testing.UnitPenTests@19a81e8]" name="setup" is-config="true" duration-ms="23" started-at="2017-03-09T21:05:11Z" finished-at="2017-03-09T21:05:11Z">
          <reporter-output>
          </reporter-output>
        </test-method> <!-- setup -->
        <test-method status="FAIL" signature="checkForRightColorPen()[pri:0, instance:com.unit.pen.testing.UnitPenTests@19a81e8]" name="checkForRightColorPen" duration-ms="47" started-at="2017-03-09T21:05:11Z" finished-at="2017-03-09T21:05:11Z">
          <exception class="java.lang.AssertionError">
            <message>
              <![CDATA[
Expected: "RED"
     but: was "BLUE"]]>
            </message>
            <full-stacktrace>
              <![CDATA[java.lang.AssertionError: 
Expected: "RED"
     but: was "BLUE"
	at org.hamcrest.MatcherAssert.assertThat(MatcherAssert.java:20)
	at org.junit.Assert.assertThat(Assert.java:956)
	at org.junit.Assert.assertThat(Assert.java:923)
	at com.unit.pen.testing.UnitPenTests.checkForRightColorPen(UnitPenTests.java:46)
	at sun.reflect.NativeMethodAccessorImpl.invoke0(Native Method)
	at sun.reflect.NativeMethodAccessorImpl.invoke(Unknown Source)
	at sun.reflect.DelegatingMethodAccessorImpl.invoke(Unknown Source)
	at java.lang.reflect.Method.invoke(Unknown Source)
	at org.testng.internal.MethodInvocationHelper.invokeMethod(MethodInvocationHelper.java:104)
	at org.testng.internal.Invoker.invokeMethod(Invoker.java:645)
	at org.testng.internal.Invoker.invokeTestMethod(Invoker.java:851)
	at org.testng.internal.Invoker.invokeTestMethods(Invoker.java:1177)
	at org.testng.internal.TestMethodWorker.invokeTestMethods(TestMethodWorker.java:129)
	at org.testng.internal.TestMethodWorker.run(TestMethodWorker.java:112)
	at org.testng.TestRunner.privateRun(TestRunner.java:756)
	at org.testng.TestRunner.run(TestRunner.java:610)
	at org.testng.SuiteRunner.runTest(SuiteRunner.java:387)
	at org.testng.SuiteRunner.runSequentially(SuiteRunner.java:382)
	at org.testng.SuiteRunner.privateRun(SuiteRunner.java:340)
	at org.testng.SuiteRunner.run(SuiteRunner.java:289)
	at org.testng.SuiteRunnerWorker.runSuite(SuiteRunnerWorker.java:52)
	at org.testng.SuiteRunnerWorker.run(SuiteRunnerWorker.java:86)
	at org.testng.TestNG.runSuitesSequentially(TestNG.java:1293)
	at org.testng.TestNG.runSuitesLocally(TestNG.java:1218)
	at org.testng.TestNG.runSuites(TestNG.java:1133)
	at org.testng.TestNG.run(TestNG.java:1104)
	at org.testng.remote.AbstractRemoteTestNG.run(AbstractRemoteTestNG.java:132)
	at org.testng.remote.RemoteTestNG.initAndRun(RemoteTestNG.java:236)
	at org.testng.remote.RemoteTestNG.main(RemoteTestNG.java:81)
]]>
            </full-stacktrace>
          </exception> <!-- java.lang.AssertionError -->
          <reporter-output>
          </reporter-output>
        </test-method> <!-- checkForRightColorPen -->
        <test-method status="PASS" signature="setup()[pri:0, instance:com.unit.pen.testing.UnitPenTests@19a81e8]" name="setup" is-config="true" duration-ms="0" started-at="2017-03-09T21:05:11Z" finished-at="2017-03-09T21:05:11Z">
          <reporter-output>
          </reporter-output>
        </test-method> <!-- setup -->
        <test-method status="PASS" signature="checkFor_DoSomethingElse_Working()[pri:0, instance:com.unit.pen.testing.UnitPenTests@19a81e8]" name="checkFor_DoSomethingElse_Working" duration-ms="2" started-at="2017-03-09T21:05:11Z" finished-at="2017-03-09T21:05:11Z">
          <reporter-output>
          </reporter-output>
        </test-method> <!-- checkFor_DoSomethingElse_Working -->
        <test-method status="PASS" signature="setup()[pri:0, instance:com.unit.pen.testing.UnitPenTests@19a81e8]" name="setup" is-config="true" duration-ms="1" started-at="2017-03-09T21:05:11Z" finished-at="2017-03-09T21:05:11Z">
          <reporter-output>
          </reporter-output>
        </test-method> <!-- setup -->
        <test-method status="PASS" signature="isWorkPen_InkContainer_FalseValue(com.unit.pen.testing.Pen)[pri:0, instance:com.unit.pen.testing.UnitPenTests@19a81e8]" name="isWorkPen_InkContainer_FalseValue" duration-ms="5" started-at="2017-03-09T21:05:11Z" data-provider="testingInkContainer_FalseValue" finished-at="2017-03-09T21:05:11Z">
          <params>
            <param index="0">
              <value>
                <![CDATA[com.unit.pen.testing.Pen@131a74c]]>
              </value>
            </param>
          </params>
          <reporter-output>
          </reporter-output>
        </test-method> <!-- isWorkPen_InkContainer_FalseValue -->
        <test-method status="PASS" signature="setup()[pri:0, instance:com.unit.pen.testing.UnitPenTests@19a81e8]" name="setup" is-config="true" duration-ms="0" started-at="2017-03-09T21:05:11Z" finished-at="2017-03-09T21:05:11Z">
          <reporter-output>
          </reporter-output>
        </test-method> <!-- setup -->
        <test-method status="PASS" signature="isWorkPen_InkContainer_FalseValue(com.unit.pen.testing.Pen)[pri:0, instance:com.unit.pen.testing.UnitPenTests@19a81e8]" name="isWorkPen_InkContainer_FalseValue" duration-ms="2" started-at="2017-03-09T21:05:11Z" data-provider="testingInkContainer_FalseValue" finished-at="2017-03-09T21:05:11Z">
          <params>
            <param index="0">
              <value>
                <![CDATA[com.unit.pen.testing.Pen@5ed7a6]]>
              </value>
            </param>
          </params>
          <reporter-output>
          </reporter-output>
        </test-method> <!-- isWorkPen_InkContainer_FalseValue -->
        <test-method status="PASS" signature="isWorkPen_InkContainer_FalseValue(com.unit.pen.testing.Pen)[pri:0, instance:com.unit.pen.testing.UnitPenTests@19a81e8]" name="isWorkPen_InkContainer_FalseValue" duration-ms="4" started-at="2017-03-09T21:05:11Z" data-provider="testingInkContainer_FalseValue" finished-at="2017-03-09T21:05:11Z">
          <params>
            <param index="0">
              <value>
                <![CDATA[com.unit.pen.testing.Pen@1b92f0a]]>
              </value>
            </param>
          </params>
          <reporter-output>
          </reporter-output>
        </test-method> <!-- isWorkPen_InkContainer_FalseValue -->
        <test-method status="PASS" signature="setup()[pri:0, instance:com.unit.pen.testing.UnitPenTests@19a81e8]" name="setup" is-config="true" duration-ms="0" started-at="2017-03-09T21:05:11Z" finished-at="2017-03-09T21:05:11Z">
          <reporter-output>
          </reporter-output>
        </test-method> <!-- setup -->
        <test-method status="PASS" signature="setup()[pri:0, instance:com.unit.pen.testing.UnitPenTests@19a81e8]" name="setup" is-config="true" duration-ms="0" started-at="2017-03-09T21:05:11Z" finished-at="2017-03-09T21:05:11Z">
          <reporter-output>
          </reporter-output>
        </test-method> <!-- setup -->
        <test-method status="PASS" signature="isWorkPen_InkContainer_FalseValue(com.unit.pen.testing.Pen)[pri:0, instance:com.unit.pen.testing.UnitPenTests@19a81e8]" name="isWorkPen_InkContainer_FalseValue" duration-ms="6" started-at="2017-03-09T21:05:11Z" data-provider="testingInkContainer_FalseValue" finished-at="2017-03-09T21:05:11Z">
          <params>
            <param index="0">
              <value>
                <![CDATA[com.unit.pen.testing.Pen@1970963]]>
              </value>
            </param>
          </params>
          <reporter-output>
          </reporter-output>
        </test-method> <!-- isWorkPen_InkContainer_FalseValue -->
        <test-method status="PASS" signature="setup()[pri:0, instance:com.unit.pen.testing.UnitPenTests@19a81e8]" name="setup" is-config="true" duration-ms="0" started-at="2017-03-09T21:05:11Z" finished-at="2017-03-09T21:05:11Z">
          <reporter-output>
          </reporter-output>
        </test-method> <!-- setup -->
        <test-method status="PASS" signature="isWorkPen_InkContainer_FalseValue(com.unit.pen.testing.Pen)[pri:0, instance:com.unit.pen.testing.UnitPenTests@19a81e8]" name="isWorkPen_InkContainer_FalseValue" duration-ms="3" started-at="2017-03-09T21:05:11Z" data-provider="testingInkContainer_FalseValue" finished-at="2017-03-09T21:05:11Z">
          <params>
            <param index="0">
              <value>
                <![CDATA[com.unit.pen.testing.Pen@87af79]]>
              </value>
            </param>
          </params>
          <reporter-output>
          </reporter-output>
        </test-method> <!-- isWorkPen_InkContainer_FalseValue -->
        <test-method status="PASS" signature="isWorkPen_InkContainer_FalseValue(com.unit.pen.testing.Pen)[pri:0, instance:com.unit.pen.testing.UnitPenTests@19a81e8]" name="isWorkPen_InkContainer_FalseValue" duration-ms="2" started-at="2017-03-09T21:05:11Z" data-provider="testingInkContainer_FalseValue" finished-at="2017-03-09T21:05:11Z">
          <params>
            <param index="0">
              <value>
                <![CDATA[com.unit.pen.testing.Pen@e048a]]>
              </value>
            </param>
          </params>
          <reporter-output>
          </reporter-output>
        </test-method> <!-- isWorkPen_InkContainer_FalseValue -->
        <test-method status="PASS" signature="setup()[pri:0, instance:com.unit.pen.testing.UnitPenTests@19a81e8]" name="setup" is-config="true" duration-ms="0" started-at="2017-03-09T21:05:11Z" finished-at="2017-03-09T21:05:11Z">
          <reporter-output>
          </reporter-output>
        </test-method> <!-- setup -->
        <test-method status="PASS" signature="isWorkPen_InkContainer_TrueValue(com.unit.pen.testing.Pen)[pri:0, instance:com.unit.pen.testing.UnitPenTests@19a81e8]" name="isWorkPen_InkContainer_TrueValue" duration-ms="4" started-at="2017-03-09T21:05:11Z" data-provider="testingInkContainer_TrueValue" finished-at="2017-03-09T21:05:11Z">
          <params>
            <param index="0">
              <value>
                <![CDATA[com.unit.pen.testing.Pen@1e028a9]]>
              </value>
            </param>
          </params>
          <reporter-output>
          </reporter-output>
        </test-method> <!-- isWorkPen_InkContainer_TrueValue -->
        <test-method status="PASS" signature="setup()[pri:0, instance:com.unit.pen.testing.UnitPenTests@19a81e8]" name="setup" is-config="true" duration-ms="0" started-at="2017-03-09T21:05:11Z" finished-at="2017-03-09T21:05:11Z">
          <reporter-output>
          </reporter-output>
        </test-method> <!-- setup -->
        <test-method status="PASS" signature="isWorkPen_InkContainer_TrueValue(com.unit.pen.testing.Pen)[pri:0, instance:com.unit.pen.testing.UnitPenTests@19a81e8]" name="isWorkPen_InkContainer_TrueValue" duration-ms="7" started-at="2017-03-09T21:05:11Z" data-provider="testingInkContainer_TrueValue" finished-at="2017-03-09T21:05:11Z">
          <params>
            <param index="0">
              <value>
                <![CDATA[com.unit.pen.testing.Pen@10694f1]]>
              </value>
            </param>
          </params>
          <reporter-output>
          </reporter-output>
        </test-method> <!-- isWorkPen_InkContainer_TrueValue -->
        <test-method status="PASS" signature="setup()[pri:0, instance:com.unit.pen.testing.UnitPenTests@19a81e8]" name="setup" is-config="true" duration-ms="0" started-at="2017-03-09T21:05:11Z" finished-at="2017-03-09T21:05:11Z">
          <reporter-output>
          </reporter-output>
        </test-method> <!-- setup -->
        <test-method status="PASS" signature="setup()[pri:0, instance:com.unit.pen.testing.UnitPenTests@19a81e8]" name="setup" is-config="true" duration-ms="1" started-at="2017-03-09T21:05:11Z" finished-at="2017-03-09T21:05:11Z">
          <reporter-output>
          </reporter-output>
        </test-method> <!-- setup -->
        <test-method status="PASS" signature="isWorkPen_InkContainer_TrueValue(com.unit.pen.testing.Pen)[pri:0, instance:com.unit.pen.testing.UnitPenTests@19a81e8]" name="isWorkPen_InkContainer_TrueValue" duration-ms="1" started-at="2017-03-09T21:05:11Z" data-provider="testingInkContainer_TrueValue" finished-at="2017-03-09T21:05:11Z">
          <params>
            <param index="0">
              <value>
                <![CDATA[com.unit.pen.testing.Pen@101eaf6]]>
              </value>
            </param>
          </params>
          <reporter-output>
          </reporter-output>
        </test-method> <!-- isWorkPen_InkContainer_TrueValue -->
        <test-method status="FAIL" signature="isWorkPen_SizeLetter_FalseValue(com.unit.pen.testing.Pen)[pri:0, instance:com.unit.pen.testing.UnitPenTests@19a81e8]" name="isWorkPen_SizeLetter_FalseValue" duration-ms="5" started-at="2017-03-09T21:05:11Z" data-provider="testingSizeLetter_FalseValue" finished-at="2017-03-09T21:05:11Z">
          <params>
            <param index="0">
              <value>
                <![CDATA[com.unit.pen.testing.Pen@158fe70]]>
              </value>
            </param>
          </params>
          <exception class="java.lang.AssertionError">
            <message>
              <![CDATA[expected [false] but found [true]]]>
            </message>
            <full-stacktrace>
              <![CDATA[java.lang.AssertionError: expected [false] but found [true]
	at org.testng.Assert.fail(Assert.java:94)
	at org.testng.Assert.failNotEquals(Assert.java:513)
	at org.testng.Assert.assertFalse(Assert.java:63)
	at org.testng.Assert.assertFalse(Assert.java:73)
	at com.unit.pen.testing.UnitPenTests.isWorkPen_SizeLetter_FalseValue(UnitPenTests.java:37)
	at sun.reflect.NativeMethodAccessorImpl.invoke0(Native Method)
	at sun.reflect.NativeMethodAccessorImpl.invoke(Unknown Source)
	at sun.reflect.DelegatingMethodAccessorImpl.invoke(Unknown Source)
	at java.lang.reflect.Method.invoke(Unknown Source)
	at org.testng.internal.MethodInvocationHelper.invokeMethod(MethodInvocationHelper.java:104)
	at org.testng.internal.Invoker.invokeMethod(Invoker.java:645)
	at org.testng.internal.Invoker.invokeTestMethod(Invoker.java:851)
	at org.testng.internal.Invoker.invokeTestMethods(Invoker.java:1177)
	at org.testng.internal.TestMethodWorker.invokeTestMethods(TestMethodWorker.java:129)
	at org.testng.internal.TestMethodWorker.run(TestMethodWorker.java:112)
	at org.testng.TestRunner.privateRun(TestRunner.java:756)
	at org.testng.TestRunner.run(TestRunner.java:610)
	at org.testng.SuiteRunner.runTest(SuiteRunner.java:387)
	at org.testng.SuiteRunner.runSequentially(SuiteRunner.java:382)
	at org.testng.SuiteRunner.privateRun(SuiteRunner.java:340)
	at org.testng.SuiteRunner.run(SuiteRunner.java:289)
	at org.testng.SuiteRunnerWorker.runSuite(SuiteRunnerWorker.java:52)
	at org.testng.SuiteRunnerWorker.run(SuiteRunnerWorker.java:86)
	at org.testng.TestNG.runSuitesSequentially(TestNG.java:1293)
	at org.testng.TestNG.runSuitesLocally(TestNG.java:1218)
	at org.testng.TestNG.runSuites(TestNG.java:1133)
	at org.testng.TestNG.run(TestNG.java:1104)
	at org.testng.remote.AbstractRemoteTestNG.run(AbstractRemoteTestNG.java:132)
	at org.testng.remote.RemoteTestNG.initAndRun(RemoteTestNG.java:236)
	at org.testng.remote.RemoteTestNG.main(RemoteTestNG.java:81)
]]>
            </full-stacktrace>
          </exception> <!-- java.lang.AssertionError -->
          <reporter-output>
          </reporter-output>
        </test-method> <!-- isWorkPen_SizeLetter_FalseValue -->
        <test-method status="PASS" signature="setup()[pri:0, instance:com.unit.pen.testing.UnitPenTests@19a81e8]" name="setup" is-config="true" duration-ms="0" started-at="2017-03-09T21:05:11Z" finished-at="2017-03-09T21:05:11Z">
          <reporter-output>
          </reporter-output>
        </test-method> <!-- setup -->
        <test-method status="PASS" signature="setup()[pri:0, instance:com.unit.pen.testing.UnitPenTests@19a81e8]" name="setup" is-config="true" duration-ms="1" started-at="2017-03-09T21:05:11Z" finished-at="2017-03-09T21:05:11Z">
          <reporter-output>
          </reporter-output>
        </test-method> <!-- setup -->
        <test-method status="FAIL" signature="isWorkPen_SizeLetter_FalseValue(com.unit.pen.testing.Pen)[pri:0, instance:com.unit.pen.testing.UnitPenTests@19a81e8]" name="isWorkPen_SizeLetter_FalseValue" duration-ms="1" started-at="2017-03-09T21:05:11Z" data-provider="testingSizeLetter_FalseValue" finished-at="2017-03-09T21:05:11Z">
          <params>
            <param index="0">
              <value>
                <![CDATA[com.unit.pen.testing.Pen@bc05a6]]>
              </value>
            </param>
          </params>
          <exception class="java.lang.AssertionError">
            <message>
              <![CDATA[expected [false] but found [true]]]>
            </message>
            <full-stacktrace>
              <![CDATA[java.lang.AssertionError: expected [false] but found [true]
	at org.testng.Assert.fail(Assert.java:94)
	at org.testng.Assert.failNotEquals(Assert.java:513)
	at org.testng.Assert.assertFalse(Assert.java:63)
	at org.testng.Assert.assertFalse(Assert.java:73)
	at com.unit.pen.testing.UnitPenTests.isWorkPen_SizeLetter_FalseValue(UnitPenTests.java:37)
	at sun.reflect.NativeMethodAccessorImpl.invoke0(Native Method)
	at sun.reflect.NativeMethodAccessorImpl.invoke(Unknown Source)
	at sun.reflect.DelegatingMethodAccessorImpl.invoke(Unknown Source)
	at java.lang.reflect.Method.invoke(Unknown Source)
	at org.testng.internal.MethodInvocationHelper.invokeMethod(MethodInvocationHelper.java:104)
	at org.testng.internal.Invoker.invokeMethod(Invoker.java:645)
	at org.testng.internal.Invoker.invokeTestMethod(Invoker.java:851)
	at org.testng.internal.Invoker.invokeTestMethods(Invoker.java:1177)
	at org.testng.internal.TestMethodWorker.invokeTestMethods(TestMethodWorker.java:129)
	at org.testng.internal.TestMethodWorker.run(TestMethodWorker.java:112)
	at org.testng.TestRunner.privateRun(TestRunner.java:756)
	at org.testng.TestRunner.run(TestRunner.java:610)
	at org.testng.SuiteRunner.runTest(SuiteRunner.java:387)
	at org.testng.SuiteRunner.runSequentially(SuiteRunner.java:382)
	at org.testng.SuiteRunner.privateRun(SuiteRunner.java:340)
	at org.testng.SuiteRunner.run(SuiteRunner.java:289)
	at org.testng.SuiteRunnerWorker.runSuite(SuiteRunnerWorker.java:52)
	at org.testng.SuiteRunnerWorker.run(SuiteRunnerWorker.java:86)
	at org.testng.TestNG.runSuitesSequentially(TestNG.java:1293)
	at org.testng.TestNG.runSuitesLocally(TestNG.java:1218)
	at org.testng.TestNG.runSuites(TestNG.java:1133)
	at org.testng.TestNG.run(TestNG.java:1104)
	at org.testng.remote.AbstractRemoteTestNG.run(AbstractRemoteTestNG.java:132)
	at org.testng.remote.RemoteTestNG.initAndRun(RemoteTestNG.java:236)
	at org.testng.remote.RemoteTestNG.main(RemoteTestNG.java:81)
]]>
            </full-stacktrace>
          </exception> <!-- java.lang.AssertionError -->
          <reporter-output>
          </reporter-output>
        </test-method> <!-- isWorkPen_SizeLetter_FalseValue -->
        <test-method status="PASS" signature="isWorkPen_SizeLetter_TrueValue()[pri:0, instance:com.unit.pen.testing.UnitPenTests@19a81e8]" name="isWorkPen_SizeLetter_TrueValue" duration-ms="2" started-at="2017-03-09T21:05:11Z" finished-at="2017-03-09T21:05:11Z">
          <reporter-output>
          </reporter-output>
        </test-method> <!-- isWorkPen_SizeLetter_TrueValue -->
        <test-method status="PASS" signature="setup()[pri:0, instance:com.unit.pen.testing.UnitPenTests@19a81e8]" name="setup" is-config="true" duration-ms="0" started-at="2017-03-09T21:05:11Z" finished-at="2017-03-09T21:05:11Z">
          <reporter-output>
          </reporter-output>
        </test-method> <!-- setup -->
        <test-method status="PASS" signature="isWritekPen_SizeLetter_FalseValue(com.unit.pen.testing.Pen)[pri:0, instance:com.unit.pen.testing.UnitPenTests@19a81e8]" name="isWritekPen_SizeLetter_FalseValue" duration-ms="2" started-at="2017-03-09T21:05:11Z" data-provider="testingSizeLetter_FalseValue" finished-at="2017-03-09T21:05:11Z">
          <params>
            <param index="0">
              <value>
                <![CDATA[com.unit.pen.testing.Pen@1fc609f]]>
              </value>
            </param>
          </params>
          <reporter-output>
          </reporter-output>
        </test-method> <!-- isWritekPen_SizeLetter_FalseValue -->
        <test-method status="PASS" signature="setup()[pri:0, instance:com.unit.pen.testing.UnitPenTests@19a81e8]" name="setup" is-config="true" duration-ms="0" started-at="2017-03-09T21:05:11Z" finished-at="2017-03-09T21:05:11Z">
          <reporter-output>
          </reporter-output>
        </test-method> <!-- setup -->
        <test-method status="PASS" signature="setup()[pri:0, instance:com.unit.pen.testing.UnitPenTests@19a81e8]" name="setup" is-config="true" duration-ms="1" started-at="2017-03-09T21:05:11Z" finished-at="2017-03-09T21:05:11Z">
          <reporter-output>
          </reporter-output>
        </test-method> <!-- setup -->
        <test-method status="PASS" signature="isWritekPen_SizeLetter_FalseValue(com.unit.pen.testing.Pen)[pri:0, instance:com.unit.pen.testing.UnitPenTests@19a81e8]" name="isWritekPen_SizeLetter_FalseValue" duration-ms="2" started-at="2017-03-09T21:05:11Z" data-provider="testingSizeLetter_FalseValue" finished-at="2017-03-09T21:05:11Z">
          <params>
            <param index="0">
              <value>
                <![CDATA[com.unit.pen.testing.Pen@121e813]]>
              </value>
            </param>
          </params>
          <reporter-output>
          </reporter-output>
        </test-method> <!-- isWritekPen_SizeLetter_FalseValue -->
      </class> <!-- com.unit.pen.testing.UnitPenTests -->
    </test> <!-- Default test -->
  </suite> <!-- Default suite -->
</testng-results>
